<?xml version="1.0" encoding="UTF-8"?>
<testsuite xmlns:xsi="http://www.w3.org/2001/XMLSchema-instance" xsi:noNamespaceSchemaLocation="https://maven.apache.org/surefire/maven-surefire-plugin/xsd/surefire-test-report-3.0.xsd" version="3.0" name="com.first_project.TestActionPerformer" time="0.424" tests="3" errors="0" skipped="0" failures="0">
  <properties>
[...]
</properties>
  <testcase name="totalRiceTest" classname="com.first_project.TestActionPerformer" time="0.355"/>
  <testcase name="totalSaturation" classname="com.first_project.TestActionPerformer" time="0.036"/>
  <testcase name="totalDishTest" classname="com.first_project.TestActionPerformer" time="0.018"/>
</testsuite>